<?xml version="1.0" encoding="UTF-8"?>
<testng-results ignored="0" total="0" passed="0" failed="0" skipped="0">
  <reporter-output>
  </reporter-output>
  <suite started-at="2023-03-29T19:04:22Z" name="StateFarm Test Suite" finished-at="2023-03-29T19:04:22Z" duration-ms="0">
    <groups>
    </groups>
    <test started-at="2023-03-29T19:04:22Z" name="HomePage" finished-at="2023-03-29T19:04:22Z" duration-ms="0">
    </test> <!-- HomePage -->
  </suite> <!-- StateFarm Test Suite -->
  <suite started-at="2023-03-29T19:04:22Z" name="American Test Suite" finished-at="2023-03-29T19:04:22Z" duration-ms="6">
    <groups>
    </groups>
    <test started-at="2023-03-29T19:04:22Z" name="HomePage" finished-at="2023-03-29T19:04:22Z" duration-ms="6">
    </test> <!-- HomePage -->
  </suite> <!-- American Test Suite -->
  <suite started-at="2023-03-29T19:04:22Z" name="HomeDepot Test Suite" finished-at="2023-03-29T19:04:22Z" duration-ms="0">
    <groups>
    </groups>
    <test started-at="2023-03-29T19:04:22Z" name="HomePage" finished-at="2023-03-29T19:04:22Z" duration-ms="0">
    </test> <!-- HomePage -->
  </suite> <!-- HomeDepot Test Suite -->
</testng-results>
